2025-12-01 17:04:09, MOVE, v:1, k:poo@zoo, mode:DOWN
2025-12-01 17:04:10, MOVE, v:1, k:poo@zoo, mode:PICK
2025-12-01 17:04:10, EXEC, v:1, k:poo@zoo, mode:LOCK, rate:100, size:0
2025-12-01 17:04:11, EXEC, v:1, k:poo@zoo, mode:LOCK, rate:100
2025-12-01 17:04:12, EXEC, v:1, k:poo@zoo, mode:LOCK, rate:100
2025-12-01 17:05:29, EXEC, v:1, k:poo@zoo, mode:LOCK, rate:100
2025-12-01 17:05:41, EXEC, v:1, k:poo@zoo, mode:LOCK, rate:100
2025-12-01 17:11:08, EXEC, v:1, k:poo@zoo, mode:LOCK, rate:0, size:4
2025-12-01 17:11:10, EXEC, v:1, k:poo@zoo, mode:LOCK, rate:0
2025-12-01 17:11:10, EXEC, v:1, k:poo@zoo, mode:LOCK, rate:0
2025-12-01 17:11:11, EXEC, v:1, k:poo@zoo, mode:LOCK, rate:0
2025-12-01 17:15:04, EXEC, v:1, k:poo@zoo, mode:LOCK, rate:0, size:7
2025-12-01 17:15:04, EXEC, v:1, k:poo@zoo, mode:LOCK, rate:0, size:7
2025-12-01 17:15:04, EXEC, v:1, k:poo@zoo, mode:LOCK, rate:0, size:7
2025-12-01 17:15:04, EXEC, v:1, k:poo@zoo, mode:LOCK, rate:0, size:7
2025-12-01 17:15:05, EXEC, v:1, k:poo@zoo, mode:LOCK, rate:0, size:8
2025-12-01 17:15:05, EXEC, v:1, k:poo@zoo, mode:LOCK, rate:0, size:8
2025-12-01 17:15:23, EXEC, v:1, k:poo@zoo, mode:LOCK, rate:100, size:8
2025-12-01 17:15:24, EXEC, v:1, k:poo@zoo, mode:LOCK, rate:100
2025-12-01 17:15:24, EXEC, v:1, k:poo@zoo, mode:LOCK, rate:100
2025-12-01 17:24:10, EXEC, v:1, k:poo@zoo, mode:LOCK, rate:0, size:21
2025-12-01 17:24:10, EXEC, v:1, k:poo@zoo, mode:LOCK, rate:0, size:21
2025-12-01 17:24:11, EXEC, v:1, k:poo@zoo, mode:LOCK, rate:0, size:21
2025-12-01 17:24:11, EXEC, v:1, k:poo@zoo, mode:LOCK, rate:0, size:21
2025-12-01 17:24:12, EXEC, v:1, k:poo@zoo, mode:LOCK, rate:0, size:21
2025-12-01 17:24:22, EXEC, v:1, k:poo@zoo, mode:LOCK, rate:0, size:21
2025-12-01 17:24:22, EXEC, v:1, k:poo@zoo, mode:LOCK, rate:0, size:21
2025-12-01 17:24:23, EXEC, v:1, k:poo@zoo, mode:LOCK, rate:0, size:21
2025-12-01 17:24:31, EXEC, v:1, k:poo@zoo, mode:LOCK, rate:100, size:21
2025-12-01 17:24:31, EXEC, v:1, k:poo@zoo, mode:LOCK, rate:100, size:21
2025-12-01 17:24:32, EXEC, v:1, k:poo@zoo, mode:LOCK, rate:100, size:21
2025-12-01 17:24:32, EXEC, v:1, k:poo@zoo, mode:LOCK, rate:100, size:21
2025-12-01 17:24:35, MOVE, v:1, k:poo@zoo, mode:BACK
2025-12-01 17:24:57, MOVE, v:1, k:poo@zoo, mode:PICK
2025-12-01 17:24:57, EXEC, v:1, k:poo@zoo, mode:LOCK, rate:100, size:21
2025-12-01 17:24:58, EXEC, v:1, k:poo@zoo, mode:LOCK, rate:100
2025-12-01 17:24:58, EXEC, v:1, k:poo@zoo, mode:LOCK, rate:100
2025-12-01 17:24:58, EXEC, v:1, k:poo@zoo, mode:LOCK, rate:100
2025-12-01 17:24:58, EXEC, v:1, k:poo@zoo, mode:LOCK, rate:100
2025-12-01 17:24:59, EXEC, v:1, k:poo@zoo, mode:LOCK, rate:100
2025-12-01 17:31:53, EXEC, v:1, k:poo@zoo, mode:LOCK, rate:100, size:42
2025-12-01 17:31:54, EXEC, v:1, k:poo@zoo, mode:LOCK, rate:100
2025-12-01 17:31:54, MOVE, v:1, k:poo@zoo, mode:BACK
2025-12-01 17:32:01, MOVE, v:1, k:poo@zoo, mode:PICK
2025-12-01 17:32:01, EXEC, v:1, k:poo@zoo, mode:LOCK, rate:100
2025-12-01 17:32:02, EXEC, v:1, k:poo@zoo, mode:LOCK, rate:100
2025-12-01 17:34:45, EXEC, v:1, k:poo@zoo, mode:LOCK, rate:100
2025-12-01 17:38:08, EXEC, v:1, k:poo@zoo, mode:LOCK, rate:0, size:54
2025-12-01 17:38:09, EXEC, v:1, k:poo@zoo, mode:LOCK, rate:0
2025-12-01 17:42:33, EXEC, v:1, k:poo@zoo, mode:LOCK, rate:100, size:58
2025-12-01 17:42:34, EXEC, v:1, k:poo@zoo, mode:LOCK, rate:100
2025-12-01 17:42:35, MOVE, v:1, k:poo@zoo, mode:BACK
2025-12-01 17:43:23, MOVE, v:1, k:poo@zoo, mode:PICK
2025-12-01 17:43:23, EXEC, v:1, k:poo@zoo, mode:LOCK, rate:100
2025-12-01 17:43:24, EXEC, v:1, k:poo@zoo, mode:LOCK, rate:100
2025-12-01 17:46:18, EXEC, v:1, k:poo@zoo, mode:LOCK, rate:100, size:63
2025-12-01 17:49:03, EXEC, v:1, k:poo@zoo, mode:LOCK, rate:100, size:65
2025-12-01 17:49:03, EXEC, v:1, k:poo@zoo, mode:LOCK, rate:100
2025-12-01 17:51:09, EXEC, v:1, k:poo@zoo, mode:LOCK, rate:100, size:68
2025-12-01 17:51:09, EXEC, v:1, k:poo@zoo, mode:LOCK, rate:100, size:68
2025-12-01 17:51:09, EXEC, v:1, k:poo@zoo, mode:LOCK, rate:100, size:68
2025-12-01 17:51:09, EXEC, v:1, k:poo@zoo, mode:LOCK, rate:100, size:68
2025-12-01 17:51:10, EXEC, v:1, k:poo@zoo, mode:LOCK, rate:100, size:68
2025-12-01 17:51:11, MOVE, v:1, k:poo@zoo, mode:BACK
2025-12-01 17:51:40, MOVE, v:1, k:poo@zoo, mode:PICK
2025-12-01 17:51:40, EXEC, v:1, k:poo@zoo, mode:LOCK, rate:100, size:68
2025-12-01 17:51:40, EXEC, v:1, k:poo@zoo, mode:LOCK, rate:100, size:68
2025-12-01 17:51:41, EXEC, v:1, k:poo@zoo, mode:LOCK, rate:100, size:68
2025-12-01 17:51:41, EXEC, v:1, k:poo@zoo, mode:LOCK, rate:100, size:68
2025-12-01 17:55:02, EXEC, v:1, k:poo@zoo, mode:LOCK, rate:100, size:75
2025-12-01 17:55:03, EXEC, v:1, k:poo@zoo, mode:LOCK, rate:100
2025-12-01 17:55:03, MOVE, v:1, k:poo@zoo, mode:BACK
2025-12-01 17:55:07, MOVE, v:1, k:poo@zoo, mode:PICK
2025-12-01 17:55:08, EXEC, v:1, k:poo@zoo, mode:LOCK, rate:100
2025-12-01 17:55:08, EXEC, v:1, k:poo@zoo, mode:LOCK, rate:100
2025-12-01 17:55:09, EXEC, v:1, k:poo@zoo, mode:LOCK, rate:100
2025-12-01 17:56:12, EXEC, v:1, k:poo@zoo, mode:LOCK, rate:0, size:77
2025-12-01 17:56:12, EXEC, v:1, k:poo@zoo, mode:LOCK, rate:0, size:77
2025-12-01 17:56:13, EXEC, v:1, k:poo@zoo, mode:LOCK, rate:0, size:77
2025-12-01 17:59:54, EXEC, v:1, k:poo@zoo, mode:LOCK, rate:0, size:77
2025-12-01 17:59:55, EXEC, v:1, k:poo@zoo, mode:LOCK, rate:0
2025-12-01 17:59:55, EXEC, v:1, k:poo@zoo, mode:LOCK, rate:0
2025-12-01 17:59:55, EXEC, v:1, k:poo@zoo, mode:LOCK, rate:0
2025-12-01 17:59:56, EXEC, v:1, k:poo@zoo, mode:LOCK, rate:0
2025-12-01 17:59:57, EXEC, v:1, k:poo@zoo, mode:LOCK, rate:0
2025-12-01 17:59:58, EXEC, v:1, k:poo@zoo, mode:LOCK, rate:0
2025-12-01 17:59:58, EXEC, v:1, k:poo@zoo, mode:LOCK, rate:0
2025-12-01 17:59:58, EXEC, v:1, k:poo@zoo, mode:LOCK, rate:0
2025-12-01 17:59:59, EXEC, v:1, k:poo@zoo, mode:LOCK, rate:0
2025-12-01 18:00:32, MOVE, v:1, k:poo@zoo, mode:BACK
2025-12-01 18:00:37, MOVE, v:1, k:poo@zoo, mode:PICK
2025-12-01 18:00:37, EXEC, v:1, k:poo@zoo, mode:LOCK, rate:0
2025-12-01 18:00:37, EXEC, v:1, k:poo@zoo, mode:LOCK, rate:0
2025-12-01 18:00:37, EXEC, v:1, k:poo@zoo, mode:LOCK, rate:0
2025-12-01 18:00:38, MOVE, v:1, k:poo@zoo, mode:BACK
2025-12-01 18:00:50, MOVE, v:1, k:poo@zoo, mode:PICK
2025-12-01 18:00:50, EXEC, v:1, k:poo@zoo, mode:LOCK, rate:0
2025-12-01 18:04:39, EXEC, v:1, k:poo@zoo, mode:LOCK, rate:0
2025-12-01 18:04:39, EXEC, v:1, k:poo@zoo, mode:LOCK, rate:0
2025-12-01 18:04:39, EXEC, v:1, k:poo@zoo, mode:LOCK, rate:0
2025-12-01 18:04:40, MOVE, v:1, k:poo@zoo, mode:BACK
2025-12-01 18:04:44, MOVE, v:1, k:poo@zoo, mode:PICK
2025-12-01 18:04:44, EXEC, v:1, k:poo@zoo, mode:LOCK, rate:0
2025-12-01 18:07:50, EXEC, v:1, k:poo@zoo, mode:LOCK, rate:0
